2024-09-16 13:34:01 DEBUG TestNG:82 - suiteXmlPath: "C:\Users\user\eclipse-workspace\sdetopencart\master.xml"
2024-09-16 13:34:02 INFO  Utils:112 - [TestNG] Running:
  C:\Users\user\eclipse-workspace\sdetopencart\master.xml

2024-09-16 13:35:30 DEBUG TestNG:82 - suiteXmlPath: "C:\Users\user\eclipse-workspace\sdetopencart\master.xml"
2024-09-16 13:35:30 INFO  Utils:112 - [TestNG] Running:
  C:\Users\user\eclipse-workspace\sdetopencart\master.xml

2024-09-16 13:35:36 INFO  TC001_AccountRegistrationTest:18 - **********Test Case started -> TC001_AccountRegistrationTest*************
2024-09-16 13:35:36 INFO  TC001_AccountRegistrationTest:21 - HomePage Clicked
2024-09-16 13:35:37 INFO  TC001_AccountRegistrationTest:23 - Register Link clicked
2024-09-16 13:35:37 INFO  TC001_AccountRegistrationTest:25 - Provided Registration Details
2024-09-16 13:35:40 INFO  TC001_AccountRegistrationTest:34 - Clicked Submit button
2024-09-16 13:35:44 INFO  TC_002LoginTest:16 - *******verify_loginTest Started********
2024-09-16 13:35:45 INFO  TC_002LoginTest:20 - *******Login Page Started********
2024-09-16 13:35:46 INFO  TC_002LoginTest:25 - ************Account Page****************
2024-09-16 13:35:46 INFO  TC_002LoginTest:29 - *******verify_loginTest Success********
2024-09-16 13:38:08 DEBUG TestNG:82 - suiteXmlPath: "C:\Users\user\eclipse-workspace\sdetopencart\master.xml"
2024-09-16 13:38:09 INFO  Utils:112 - [TestNG] Running:
  C:\Users\user\eclipse-workspace\sdetopencart\master.xml

2024-09-16 13:38:15 INFO  TC001_AccountRegistrationTest:18 - **********Test Case started -> TC001_AccountRegistrationTest*************
2024-09-16 13:38:15 INFO  TC001_AccountRegistrationTest:21 - HomePage Clicked
2024-09-16 13:38:16 INFO  TC001_AccountRegistrationTest:23 - Register Link clicked
2024-09-16 13:38:16 INFO  TC001_AccountRegistrationTest:25 - Provided Registration Details
2024-09-16 13:38:19 INFO  TC001_AccountRegistrationTest:34 - Clicked Submit button
2024-09-16 13:38:23 INFO  TC_002LoginTest:16 - *******verify_loginTest Started********
2024-09-16 13:38:24 INFO  TC_002LoginTest:20 - *******Login Page Started********
2024-09-16 13:38:25 INFO  TC_002LoginTest:25 - ************Account Page****************
2024-09-16 13:38:25 INFO  TC_002LoginTest:29 - *******verify_loginTest Success********
2024-09-16 13:40:05 DEBUG TestNG:82 - suiteXmlPath: "C:\Users\user\eclipse-workspace\sdetopencart\crossbrowserandparalleltesting.xml"
2024-09-16 13:40:05 INFO  Utils:112 - [TestNG] Running:
  C:\Users\user\eclipse-workspace\sdetopencart\crossbrowserandparalleltesting.xml

2024-09-16 13:40:10 INFO  TC001_AccountRegistrationTest:18 - **********Test Case started -> TC001_AccountRegistrationTest*************
2024-09-16 13:40:11 INFO  TC001_AccountRegistrationTest:21 - HomePage Clicked
2024-09-16 13:40:12 INFO  TC001_AccountRegistrationTest:23 - Register Link clicked
2024-09-16 13:40:12 INFO  TC001_AccountRegistrationTest:25 - Provided Registration Details
2024-09-16 13:40:13 INFO  TC001_AccountRegistrationTest:18 - **********Test Case started -> TC001_AccountRegistrationTest*************
2024-09-16 13:40:13 INFO  TC001_AccountRegistrationTest:21 - HomePage Clicked
2024-09-16 13:40:14 INFO  TC001_AccountRegistrationTest:23 - Register Link clicked
2024-09-16 13:40:14 INFO  TC001_AccountRegistrationTest:25 - Provided Registration Details
2024-09-16 13:45:36 DEBUG TestNG:82 - suiteXmlPath: "C:\Users\user\eclipse-workspace\sdetopencart\crossbrowserandparalleltesting.xml"
2024-09-16 13:45:37 INFO  Utils:112 - [TestNG] Running:
  C:\Users\user\eclipse-workspace\sdetopencart\crossbrowserandparalleltesting.xml

2024-09-16 13:45:43 INFO  TC001_AccountRegistrationTest:18 - **********Test Case started -> TC001_AccountRegistrationTest*************
2024-09-16 13:45:43 INFO  TC001_AccountRegistrationTest:18 - **********Test Case started -> TC001_AccountRegistrationTest*************
2024-09-16 13:45:43 INFO  TC001_AccountRegistrationTest:21 - HomePage Clicked
2024-09-16 13:45:43 INFO  TC001_AccountRegistrationTest:21 - HomePage Clicked
